{"level":60,"time":1718907288034,"pid":1553,"hostname":"Khalifs-MBP.netis","error":"404","url":"/management_build/super_admin/super_admin.js"}
{"level":60,"time":1718908325221,"pid":1553,"hostname":"Khalifs-MBP.netis","error":"404","url":"/management_build/super_admin/super_admin.js"}
{"level":60,"time":1719072104958,"pid":2566,"hostname":"Khalifs-MacBook-Pro.local","error":"404","url":"/management_build/super_admin/super_admin.js"}
{"level":60,"time":1719072167904,"pid":2566,"hostname":"Khalifs-MacBook-Pro.local","error":"404","url":"/management_build/super_admin/super_admin.js"}
{"level":60,"time":1719072219993,"pid":2566,"hostname":"Khalifs-MacBook-Pro.local","error":"404","url":"/management_build/super_admin/super_admin.js"}
{"level":60,"time":1719073021111,"pid":2566,"hostname":"Khalifs-MacBook-Pro.local","error":"404","url":"/management_build/super_admin/super_admin.js"}
{"level":60,"time":1719073842210,"pid":2566,"hostname":"Khalifs-MacBook-Pro.local","error":"404","url":"/management_build/super_admin/super_admin.js"}
{"level":60,"time":1719079687426,"pid":2566,"hostname":"Khalifs-MacBook-Pro.local","error":"404","url":"/management_build/super_admin/super_admin.js"}
{"level":60,"time":1719079781976,"pid":2566,"hostname":"Khalifs-MacBook-Pro.local","error":"404","url":"/management_build/super_admin/super_admin.js"}
{"level":60,"time":1719161780459,"pid":4317,"hostname":"Khalifs-MacBook-Pro.local","error":"404","url":"/management_build/super_admin/super_admin.js"}
{"level":60,"time":1719239617324,"pid":3867,"hostname":"Khalifs-MacBook-Pro.local","error":"404","url":"/admin/"}
{"level":60,"time":1719292439834,"pid":20360,"hostname":"DESKTOP-JG9RL3Q","error":"404","url":"/api/v1/DUMMY?page=1&paginate=13&search_key=&orderByCol=id&orderByAsc=true&show_active_data=true&select_fields=id%2C+name%2C+email%2C+image%2C+status"}
{"level":60,"time":1719292503181,"pid":20360,"hostname":"DESKTOP-JG9RL3Q","error":"404","url":"/management_build/super_admin/super_admin.js"}
{"level":60,"time":1719292556264,"pid":20360,"hostname":"DESKTOP-JG9RL3Q","error":"404","url":"/management_build/super_admin/super_admin.js"}
{"level":60,"time":1719293266698,"pid":20360,"hostname":"DESKTOP-JG9RL3Q","error":"404","url":"/management_build/super_admin/super_admin.js"}
{"level":60,"time":1719293269844,"pid":20360,"hostname":"DESKTOP-JG9RL3Q","error":"404","url":"/management_build/super_admin/super_admin.js"}
{"level":60,"time":1719293271916,"pid":20360,"hostname":"DESKTOP-JG9RL3Q","error":"404","url":"/management_build/super_admin/super_admin.js"}
{"level":60,"time":1719293324807,"pid":20360,"hostname":"DESKTOP-JG9RL3Q","error":"404","url":"/management_build/super_admin/super_admin.js"}
{"level":60,"time":1719293330796,"pid":20360,"hostname":"DESKTOP-JG9RL3Q","error":"404","url":"/management_build/super_admin/super_admin.js"}
{"level":60,"time":1719293344724,"pid":20360,"hostname":"DESKTOP-JG9RL3Q","error":"404","url":"/management_build/super_admin/super_admin.js"}
{"level":60,"time":1719293422640,"pid":20360,"hostname":"DESKTOP-JG9RL3Q","error":"404","url":"/management_build/super_admin/super_admin.js"}
{"level":60,"time":1719293426219,"pid":20360,"hostname":"DESKTOP-JG9RL3Q","error":"404","url":"/management_build/super_admin/super_admin.js"}
{"level":60,"time":1719294289499,"pid":20360,"hostname":"DESKTOP-JG9RL3Q","error":"404","url":"/management_build/super_admin/super_admin.js"}
{"level":60,"time":1719294292892,"pid":20360,"hostname":"DESKTOP-JG9RL3Q","error":"404","url":"/management_build/super_admin/super_admin.js"}
{"level":60,"time":1719295208691,"pid":20360,"hostname":"DESKTOP-JG9RL3Q","error":"404","url":"/management_build/super_admin/super_admin.js"}
{"level":60,"time":1719295211770,"pid":20360,"hostname":"DESKTOP-JG9RL3Q","error":"404","url":"/management_build/super_admin/super_admin.js"}
{"level":60,"time":1719295238326,"pid":20360,"hostname":"DESKTOP-JG9RL3Q","error":"404","url":"/management_build/super_admin/super_admin.js"}
{"level":60,"time":1719295392005,"pid":20360,"hostname":"DESKTOP-JG9RL3Q","error":"404","url":"/management_build/super_admin/super_admin.js"}
{"level":60,"time":1719295397424,"pid":20360,"hostname":"DESKTOP-JG9RL3Q","error":"404","url":"/management_build/super_admin/super_admin.js"}
{"level":60,"time":1719295406397,"pid":20360,"hostname":"DESKTOP-JG9RL3Q","error":"404","url":"/management_build/super_admin/super_admin.js"}
{"level":60,"time":1719295620995,"pid":20360,"hostname":"DESKTOP-JG9RL3Q","error":"404","url":"/management_build/super_admin/super_admin.js"}
{"level":60,"time":1719295624065,"pid":20360,"hostname":"DESKTOP-JG9RL3Q","error":"404","url":"/management_build/super_admin/super_admin.js"}
{"level":60,"time":1719297313606,"pid":20360,"hostname":"DESKTOP-JG9RL3Q","error":"404","url":"/management_build/super_admin/super_admin.js"}
{"level":60,"time":1719297350256,"pid":20360,"hostname":"DESKTOP-JG9RL3Q","error":"404","url":"/management_build/super_admin/super_admin.js"}
{"level":60,"time":1719297353153,"pid":20360,"hostname":"DESKTOP-JG9RL3Q","error":"404","url":"/management_build/super_admin/super_admin.js"}
{"level":60,"time":1719297357026,"pid":20360,"hostname":"DESKTOP-JG9RL3Q","error":"404","url":"/management_build/super_admin/super_admin.js"}
{"level":60,"time":1719339507911,"pid":4642,"hostname":"Khalifs-MacBook-Pro.local","error":"404","url":"/management_build/super_admin/super_admin.js"}
{"level":60,"time":1719339516215,"pid":4642,"hostname":"Khalifs-MacBook-Pro.local","error":"404","url":"/management_build/super_admin/super_admin.js"}
