{"level":60,"time":1718900662619,"pid":1553,"hostname":"Khalifs-MBP.netis","file":"","time":"6/20/2024 10:24:22 PM","message":"target not found."}
{"level":60,"time":1718900662622,"pid":1553,"hostname":"Khalifs-MBP.netis","file":"","time":"6/20/2024 10:24:22 PM","message":"target not found."}
{"level":60,"time":1718900756282,"pid":1553,"hostname":"Khalifs-MBP.netis","file":"","time":"6/20/2024 10:25:56 PM","message":"target not found."}
{"level":60,"time":1718900756543,"pid":1553,"hostname":"Khalifs-MBP.netis","file":"","time":"6/20/2024 10:25:56 PM","message":"target not found."}
{"level":60,"time":1718900894654,"pid":1553,"hostname":"Khalifs-MBP.netis","file":"","time":"6/20/2024 10:28:14 PM","message":"target not found."}
{"level":60,"time":1718900895017,"pid":1553,"hostname":"Khalifs-MBP.netis","file":"","time":"6/20/2024 10:28:15 PM","message":"target not found."}
{"level":60,"time":1718906246401,"pid":1553,"hostname":"Khalifs-MBP.netis","file":"","time":"6/20/2024 11:57:26 PM","message":"target not found."}
{"level":60,"time":1718906246449,"pid":1553,"hostname":"Khalifs-MBP.netis","file":"","time":"6/20/2024 11:57:26 PM","message":"target not found."}
{"level":60,"time":1718906687861,"pid":1553,"hostname":"Khalifs-MBP.netis","file":"","time":"6/21/2024 12:04:47 AM","message":"target not found."}
{"level":60,"time":1718906688223,"pid":1553,"hostname":"Khalifs-MBP.netis","file":"","time":"6/21/2024 12:04:48 AM","message":"target not found."}
{"level":60,"time":1718906736935,"pid":1553,"hostname":"Khalifs-MBP.netis","file":"","time":"6/21/2024 12:05:36 AM","message":"target not found."}
{"level":60,"time":1718906737241,"pid":1553,"hostname":"Khalifs-MBP.netis","file":"","time":"6/21/2024 12:05:37 AM","message":"target not found."}
{"level":60,"time":1718906774364,"pid":1553,"hostname":"Khalifs-MBP.netis","file":"","time":"6/21/2024 12:06:14 AM","message":"target not found."}
{"level":60,"time":1718906774488,"pid":1553,"hostname":"Khalifs-MBP.netis","file":"","time":"6/21/2024 12:06:14 AM","message":"target not found."}
{"level":60,"time":1718906883074,"pid":1553,"hostname":"Khalifs-MBP.netis","file":"","time":"6/21/2024 12:08:03 AM","message":"target not found."}
{"level":60,"time":1718906883306,"pid":1553,"hostname":"Khalifs-MBP.netis","file":"","time":"6/21/2024 12:08:03 AM","message":"target not found."}
{"level":60,"time":1718906938046,"pid":1553,"hostname":"Khalifs-MBP.netis","file":"","time":"6/21/2024 12:08:58 AM","message":"target not found."}
{"level":60,"time":1718906938514,"pid":1553,"hostname":"Khalifs-MBP.netis","file":"","time":"6/21/2024 12:08:58 AM","message":"target not found."}
{"level":60,"time":1718907246141,"pid":1553,"hostname":"Khalifs-MBP.netis","file":"","time":"6/21/2024 12:14:06 AM","message":"target not found."}
{"level":60,"time":1718907246153,"pid":1553,"hostname":"Khalifs-MBP.netis","file":"","time":"6/21/2024 12:14:06 AM","message":"target not found."}
{"level":60,"time":1718907288222,"pid":1553,"hostname":"Khalifs-MBP.netis","file":"","time":"6/21/2024 12:14:48 AM","message":"target not found."}
{"level":60,"time":1718907506212,"pid":1553,"hostname":"Khalifs-MBP.netis","file":"","time":"6/21/2024 12:18:26 AM","message":"target not found."}
{"level":60,"time":1718907506485,"pid":1553,"hostname":"Khalifs-MBP.netis","file":"","time":"6/21/2024 12:18:26 AM","message":"target not found."}
{"level":60,"time":1718908278306,"pid":1553,"hostname":"Khalifs-MBP.netis","file":"","time":"6/21/2024 12:31:18 AM","message":"target not found."}
{"level":60,"time":1718908278398,"pid":1553,"hostname":"Khalifs-MBP.netis","file":"","time":"6/21/2024 12:31:18 AM","message":"target not found."}
{"level":60,"time":1718908325286,"pid":1553,"hostname":"Khalifs-MBP.netis","file":"","time":"6/21/2024 12:32:05 AM","message":"target not found."}
{"level":60,"time":1718908332167,"pid":1553,"hostname":"Khalifs-MBP.netis","file":"","time":"6/21/2024 12:32:12 AM","message":"target not found."}
{"level":60,"time":1718908332412,"pid":1553,"hostname":"Khalifs-MBP.netis","file":"","time":"6/21/2024 12:32:12 AM","message":"target not found."}
{"level":60,"time":1718910102755,"pid":1553,"hostname":"Khalifs-MBP.netis","file":"","time":"6/21/2024 1:01:42 AM","message":"target not found."}
{"level":60,"time":1718910102794,"pid":1553,"hostname":"Khalifs-MBP.netis","file":"","time":"6/21/2024 1:01:42 AM","message":"target not found."}
{"level":60,"time":1718910137060,"pid":1553,"hostname":"Khalifs-MBP.netis","file":"","time":"6/21/2024 1:02:17 AM","message":"target not found."}
{"level":60,"time":1718910137076,"pid":1553,"hostname":"Khalifs-MBP.netis","file":"","time":"6/21/2024 1:02:17 AM","message":"target not found."}
{"level":60,"time":1719077481801,"pid":2566,"hostname":"Khalifs-MacBook-Pro.local","file":"","time":"6/22/2024 11:31:21 PM","message":"target not found."}
{"level":60,"time":1719077481863,"pid":2566,"hostname":"Khalifs-MacBook-Pro.local","file":"","time":"6/22/2024 11:31:21 PM","message":"target not found."}
{"level":60,"time":1719077518333,"pid":2566,"hostname":"Khalifs-MacBook-Pro.local","file":"","time":"6/22/2024 11:31:58 PM","message":"target not found."}
{"level":60,"time":1719077518418,"pid":2566,"hostname":"Khalifs-MacBook-Pro.local","file":"","time":"6/22/2024 11:31:58 PM","message":"target not found."}
{"level":60,"time":1719161274986,"pid":4317,"hostname":"Khalifs-MacBook-Pro.local","file":"services/all.ts:109:15)","time":"6/23/2024 10:47:54 PM","message":"Unknown column 'uid' in 'field list'"}
{"level":60,"time":1719168556850,"pid":4317,"hostname":"Khalifs-MacBook-Pro.local","file":"","time":"6/24/2024 12:49:16 AM","message":"target not found."}
{"level":60,"time":1719168586715,"pid":4317,"hostname":"Khalifs-MacBook-Pro.local","file":"","time":"6/24/2024 12:49:46 AM","message":"target not found."}
{"level":60,"time":1719168586848,"pid":4317,"hostname":"Khalifs-MacBook-Pro.local","file":"","time":"6/24/2024 12:49:46 AM","message":"target not found."}
{"level":60,"time":1719168683874,"pid":4317,"hostname":"Khalifs-MacBook-Pro.local","file":"","time":"6/24/2024 12:51:23 AM","message":"target not found."}
{"level":60,"time":1719168683884,"pid":4317,"hostname":"Khalifs-MacBook-Pro.local","file":"","time":"6/24/2024 12:51:23 AM","message":"target not found."}
{"level":60,"time":1719239634606,"pid":3867,"hostname":"Khalifs-MacBook-Pro.local","file":"","time":"6/24/2024 8:33:54 PM","message":"target not found."}
{"level":60,"time":1719239634629,"pid":3867,"hostname":"Khalifs-MacBook-Pro.local","file":"","time":"6/24/2024 8:33:54 PM","message":"target not found."}
{"level":60,"time":1719593895274,"pid":3589,"hostname":"Khalifs-MBP.netis","file":"","time":"6/28/2024 10:58:15 PM","message":"target not found."}
{"level":60,"time":1719593895278,"pid":3589,"hostname":"Khalifs-MBP.netis","file":"","time":"6/28/2024 10:58:15 PM","message":"target not found."}
{"level":60,"time":1719593998461,"pid":3589,"hostname":"Khalifs-MBP.netis","file":"","time":"6/28/2024 10:59:58 PM","message":"target not found."}
{"level":60,"time":1719593998511,"pid":3589,"hostname":"Khalifs-MBP.netis","file":"","time":"6/28/2024 10:59:58 PM","message":"target not found."}
{"level":60,"time":1719594052887,"pid":3589,"hostname":"Khalifs-MBP.netis","file":"","time":"6/28/2024 11:00:52 PM","message":"target not found."}
{"level":60,"time":1719594052980,"pid":3589,"hostname":"Khalifs-MBP.netis","file":"","time":"6/28/2024 11:00:52 PM","message":"target not found."}
{"level":60,"time":1719594081517,"pid":3589,"hostname":"Khalifs-MBP.netis","file":"","time":"6/28/2024 11:01:21 PM","message":"target not found."}
{"level":60,"time":1719594081847,"pid":3589,"hostname":"Khalifs-MBP.netis","file":"","time":"6/28/2024 11:01:21 PM","message":"target not found."}
{"level":60,"time":1719594457781,"pid":3589,"hostname":"Khalifs-MBP.netis","file":"","time":"6/28/2024 11:07:37 PM","message":"target not found."}
{"level":60,"time":1719594457846,"pid":3589,"hostname":"Khalifs-MBP.netis","file":"","time":"6/28/2024 11:07:37 PM","message":"target not found."}
{"level":60,"time":1719594482180,"pid":3589,"hostname":"Khalifs-MBP.netis","file":"","time":"6/28/2024 11:08:02 PM","message":"target not found."}
{"level":60,"time":1719594482491,"pid":3589,"hostname":"Khalifs-MBP.netis","file":"","time":"6/28/2024 11:08:02 PM","message":"target not found."}
{"level":60,"time":1719594595679,"pid":3589,"hostname":"Khalifs-MBP.netis","file":"","time":"6/28/2024 11:09:55 PM","message":"target not found."}
{"level":60,"time":1719594600284,"pid":3589,"hostname":"Khalifs-MBP.netis","file":"","time":"6/28/2024 11:10:00 PM","message":"target not found."}
{"level":60,"time":1719594600535,"pid":3589,"hostname":"Khalifs-MBP.netis","file":"","time":"6/28/2024 11:10:00 PM","message":"target not found."}
